<?xml version="1.0" encoding="UTF-8"?>
<testsuite xmlns:xsi="http://www.w3.org/2001/XMLSchema-instance" xsi:noNamespaceSchemaLocation="https://maven.apache.org/surefire/maven-surefire-plugin/xsd/surefire-test-report.xsd" version="3.0.2" name="com.rbac.im.gateway.ImGatewayApplicationTests" time="0.924" tests="1" errors="0" skipped="0" failures="0">
  <properties>
[...]
</properties>
  <testcase name="contextLoads" classname="com.rbac.im.gateway.ImGatewayApplicationTests" time="0.342">
    <system-out><![CDATA[11:13:02.983 [main] INFO org.springframework.test.context.support.AnnotationConfigContextLoaderUtils -- Could not detect default configuration classes for test class [com.rbac.im.gateway.ImGatewayApplicationTests]: ImGatewayApplicationTests does not declare any static, non-private, non-final, nested classes annotated with @Configuration.
11:13:03.027 [main] INFO org.springframework.boot.test.context.SpringBootTestContextBootstrapper -- Found @SpringBootConfiguration com.rbac.im.gateway.ImGatewayApplication for test class com.rbac.im.gateway.ImGatewayApplicationTests

  .   ____          _            __ _ _
 /\\ / ___'_ __ _ _(_)_ __  __ _ \ \ \ \
( ( )\___ | '_ | '_| | '_ \/ _` | \ \ \ \
 \\/  ___)| |_)| | | | | || (_| |  ) ) ) )
  '  |____| .__|_| |_|_| |_\__, | / / / /
 =========|_|==============|___/=/_/_/_/

 :: Spring Boot ::                (v3.4.1)

2026-07-23T11:13:03.181+08:00  INFO 6680 --- [im-gateway] [           main] c.r.i.gateway.ImGatewayApplicationTests  : Starting ImGatewayApplicationTests using Java 21.0.11 with PID 6680 (started by xxmm in /Users/xxmm/work/RBAC-Server/im-gateway)
2026-07-23T11:13:03.181+08:00  INFO 6680 --- [im-gateway] [           main] c.r.i.gateway.ImGatewayApplicationTests  : No active profile set, falling back to 1 default profile: "default"
2026-07-23T11:13:03.493+08:00  INFO 6680 --- [im-gateway] [           main] c.r.i.gateway.ImGatewayApplicationTests  : Started ImGatewayApplicationTests in 0.414 seconds (process running for 0.828)
]]></system-out>
    <system-err><![CDATA[Mockito is currently self-attaching to enable the inline-mock-maker. This will no longer work in future releases of the JDK. Please add Mockito as an agent to your build what is described in Mockito's documentation: https://javadoc.io/doc/org.mockito/mockito-core/latest/org/mockito/Mockito.html#0.3
WARNING: A Java agent has been loaded dynamically (/Users/xxmm/.m2/repository/net/bytebuddy/byte-buddy-agent/1.15.11/byte-buddy-agent-1.15.11.jar)
WARNING: If a serviceability tool is in use, please run with -XX:+EnableDynamicAgentLoading to hide this warning
WARNING: If a serviceability tool is not in use, please run with -Djdk.instrument.traceUsage for more information
WARNING: Dynamic loading of agents will be disallowed by default in a future release
]]></system-err>
  </testcase>
</testsuite>